<?xml version="1.0" encoding="UTF-8"?>
<testsuite xmlns:xsi="http://www.w3.org/2001/XMLSchema-instance" xsi:noNamespaceSchemaLocation="https://maven.apache.org/surefire/maven-surefire-plugin/xsd/surefire-test-report.xsd" name="com.pactera.cicd_tools.AppTest" time="0.01" tests="1" errors="0" skipped="0" failures="0">
  <properties>
    <property name="sun.desktop" value="windows"/>
    <property name="awt.toolkit" value="sun.awt.windows.WToolkit"/>
    <property name="file.encoding.pkg" value="sun.io"/>
    <property name="java.specification.version" value="1.8"/>
    <property name="sun.cpu.isalist" value="amd64"/>
    <property name="sun.jnu.encoding" value="GBK"/>
    <property name="java.class.path" value="D:\Software\Maven\apache-maven-3.5.3\repository\helloworld\target\test-classes;D:\Software\Maven\apache-maven-3.5.3\repository\helloworld\target\classes;C:\Users\pact.PACT-20171121YF\.m2\repository\junit\junit\4.11\junit-4.11.jar;C:\Users\pact.PACT-20171121YF\.m2\repository\org\hamcrest\hamcrest-core\1.3\hamcrest-core-1.3.jar;"/>
    <property name="java.vm.vendor" value="Oracle Corporation"/>
    <property name="sun.arch.data.model" value="64"/>
    <property name="user.variant" value=""/>
    <property name="java.vendor.url" value="http://java.oracle.com/"/>
    <property name="user.timezone" value=""/>
    <property name="java.vm.specification.version" value="1.8"/>
    <property name="os.name" value="Windows 7"/>
    <property name="user.country" value="CN"/>
    <property name="sun.java.launcher" value="SUN_STANDARD"/>
    <property name="sun.boot.library.path" value="D:\Software\Java\jdk1.8.0_172\jre\bin"/>
    <property name="sun.java.command" value="C:\Users\PACT~1.PAC\AppData\Local\Temp\surefire5071586565947786704\surefirebooter2786711292452847205.jar C:\Users\pact.PACT-20171121YF\AppData\Local\Temp\surefire5071586565947786704 2018-05-23T13-38-45_820-jvmRun1 surefire8791392278275888063tmp surefire_09182148968215252291tmp"/>
    <property name="surefire.test.class.path" value="D:\Software\Maven\apache-maven-3.5.3\repository\helloworld\target\test-classes;D:\Software\Maven\apache-maven-3.5.3\repository\helloworld\target\classes;C:\Users\pact.PACT-20171121YF\.m2\repository\junit\junit\4.11\junit-4.11.jar;C:\Users\pact.PACT-20171121YF\.m2\repository\org\hamcrest\hamcrest-core\1.3\hamcrest-core-1.3.jar;"/>
    <property name="sun.cpu.endian" value="little"/>
    <property name="user.home" value="C:\Users\pact.PACT-20171121YF"/>
    <property name="user.language" value="zh"/>
    <property name="java.specification.vendor" value="Oracle Corporation"/>
    <property name="java.home" value="D:\Software\Java\jdk1.8.0_172\jre"/>
    <property name="basedir" value="D:\Software\Maven\apache-maven-3.5.3\repository\helloworld"/>
    <property name="file.separator" value="\"/>
    <property name="line.separator" value="&#10;"/>
    <property name="java.vm.specification.vendor" value="Oracle Corporation"/>
    <property name="java.specification.name" value="Java Platform API Specification"/>
    <property name="java.awt.graphicsenv" value="sun.awt.Win32GraphicsEnvironment"/>
    <property name="surefire.real.class.path" value="C:\Users\PACT~1.PAC\AppData\Local\Temp\surefire5071586565947786704\surefirebooter2786711292452847205.jar"/>
    <property name="sun.boot.class.path" value="D:\Software\Java\jdk1.8.0_172\jre\lib\resources.jar;D:\Software\Java\jdk1.8.0_172\jre\lib\rt.jar;D:\Software\Java\jdk1.8.0_172\jre\lib\sunrsasign.jar;D:\Software\Java\jdk1.8.0_172\jre\lib\jsse.jar;D:\Software\Java\jdk1.8.0_172\jre\lib\jce.jar;D:\Software\Java\jdk1.8.0_172\jre\lib\charsets.jar;D:\Software\Java\jdk1.8.0_172\jre\lib\jfr.jar;D:\Software\Java\jdk1.8.0_172\jre\classes"/>
    <property name="user.script" value=""/>
    <property name="sun.management.compiler" value="HotSpot 64-Bit Tiered Compilers"/>
    <property name="java.runtime.version" value="1.8.0_172-b11"/>
    <property name="user.name" value="pact"/>
    <property name="path.separator" value=";"/>
    <property name="os.version" value="6.1"/>
    <property name="java.endorsed.dirs" value="D:\Software\Java\jdk1.8.0_172\jre\lib\endorsed"/>
    <property name="java.runtime.name" value="Java(TM) SE Runtime Environment"/>
    <property name="file.encoding" value="GBK"/>
    <property name="java.vm.name" value="Java HotSpot(TM) 64-Bit Server VM"/>
    <property name="localRepository" value="C:\Users\pact.PACT-20171121YF\.m2\repository"/>
    <property name="java.vendor.url.bug" value="http://bugreport.sun.com/bugreport/"/>
    <property name="java.io.tmpdir" value="C:\Users\PACT~1.PAC\AppData\Local\Temp\"/>
    <property name="java.version" value="1.8.0_172"/>
    <property name="user.dir" value="D:\Software\Maven\apache-maven-3.5.3\repository\helloworld"/>
    <property name="os.arch" value="amd64"/>
    <property name="java.vm.specification.name" value="Java Virtual Machine Specification"/>
    <property name="java.awt.printerjob" value="sun.awt.windows.WPrinterJob"/>
    <property name="sun.os.patch.level" value="Service Pack 1"/>
    <property name="java.library.path" value="D:\Software\Java\jdk1.8.0_172\jre\bin;C:\Windows\Sun\Java\bin;C:\Windows\system32;C:\Windows;C:\Windows\system32;C:\Windows;C:\Windows\System32\Wbem;C:\Windows\System32\WindowsPowerShell\v1.0\;C:\Program Files (x86)\Skype\Phone\;D:\Software\git\Git\cmd;D:\Software\Java\jdk1.8.0_172\bin;D:\Software\Java\jdk1.8.0_172\jre\bin;D:\Software\Maven\apache-maven-3.5.3\lib;D:\Software\Maven\apache-maven-3.5.3\bin;;."/>
    <property name="java.vm.info" value="mixed mode"/>
    <property name="java.vendor" value="Oracle Corporation"/>
    <property name="java.vm.version" value="25.172-b11"/>
    <property name="java.ext.dirs" value="D:\Software\Java\jdk1.8.0_172\jre\lib\ext;C:\Windows\Sun\Java\lib\ext"/>
    <property name="sun.io.unicode.encoding" value="UnicodeLittle"/>
    <property name="java.class.version" value="52.0"/>
  </properties>
  <testcase name="shouldAnswerWithTrue" classname="com.pactera.cicd_tools.AppTest" time="0.01"/>
</testsuite>